<?xml version='1.0' encoding='UTF-8'?>
<dataset>
    
    <!-- ************************** USER ************************-->
    
    <USER USER_ID='1' LOGIN_NAME="USER1" PASSWORD="USER1" CREATED_BY="1" CREATED_DATE="[SYSDATE]" LAST_UPDATED_BY="1" LAST_UPDATED_DATE="[SYSDATE]"/>
    <USER USER_ID='2' LOGIN_NAME="USER2" PASSWORD="USER2" CREATED_BY="2" CREATED_DATE="[SYSDATE]" LAST_UPDATED_BY="2" LAST_UPDATED_DATE="[SYSDATE]"/>
    <USER USER_ID='3' LOGIN_NAME="USER3" PASSWORD="USER3" CREATED_BY="3" CREATED_DATE="[SYSDATE]" LAST_UPDATED_BY="3" LAST_UPDATED_DATE="[SYSDATE]"/>
    
    <!-- ************************** QUIZ 1 ************************-->
    
    <QUIZ QUIZ_ID="1" QUIZ_NAME="TEST1" QUIZ_DESCRIPTION="TEST1DESC" STATUS="A" CREATED_BY="1" CREATED_DATE="[SYSDATE]" LAST_UPDATED_BY="1" LAST_UPDATED_DATE="[SYSDATE]"/>
    
    <!--
    <CATEGORY CATEGORY_ID="11" QUIZ_ID="1" CATEGORY="Servlets" CREATED_BY="1" CREATED_DATE="[SYSDATE]" LAST_UPDATED_BY="1" LAST_UPDATED_DATE="[SYSDATE]"/>
    <CATEGORY CATEGORY_ID="12" QUIZ_ID="1" CATEGORY="Filters" CREATED_BY="1" CREATED_DATE="[SYSDATE]" LAST_UPDATED_BY="1" LAST_UPDATED_DATE="[SYSDATE]"/>
    <CATEGORY CATEGORY_ID="13" QUIZ_ID="1" CATEGORY="JSP" CREATED_BY="1" CREATED_DATE="[SYSDATE]" LAST_UPDATED_BY="1" LAST_UPDATED_DATE="[SYSDATE]"/>
    <CATEGORY CATEGORY_ID="14" QUIZ_ID="1" CATEGORY="SessionManagement" CREATED_BY="1" CREATED_DATE="[SYSDATE]" LAST_UPDATED_BY="1" LAST_UPDATED_DATE="[SYSDATE]"/>
    <CATEGORY CATEGORY_ID="15" QUIZ_ID="1" CATEGORY="Listeners" CREATED_BY="1" CREATED_DATE="[SYSDATE]" LAST_UPDATED_BY="1" LAST_UPDATED_DATE="[SYSDATE]"/>
    <SKILL_LEVEL SKILL_LEVEL_ID="11" QUIZ_ID="1" SKILL_LEVEL="Beginner" CREATED_BY="1" CREATED_DATE="[SYSDATE]" LAST_UPDATED_BY="1" LAST_UPDATED_DATE="[SYSDATE]"/>
    <SKILL_LEVEL SKILL_LEVEL_ID="12" QUIZ_ID="1" SKILL_LEVEL="Intermediate" CREATED_BY="1" CREATED_DATE="[SYSDATE]" LAST_UPDATED_BY="1" LAST_UPDATED_DATE="[SYSDATE]"/>
    <SKILL_LEVEL SKILL_LEVEL_ID="13" QUIZ_ID="1" SKILL_LEVEL="Advanced" CREATED_BY="1" CREATED_DATE="[SYSDATE]" LAST_UPDATED_BY="1" LAST_UPDATED_DATE="[SYSDATE]"/>

    <QUESTION QUESTION_ID="11" QUIZ_ID="1" DESCRIPTION="QUESTION11" OBJECTIVE="OBJECTIVE11" CREATED_BY="1" CREATED_DATE="[SYSDATE]" LAST_UPDATED_BY="1" LAST_UPDATED_DATE="[SYSDATE]"/>
    <QUESTION QUESTION_ID="12" QUIZ_ID="1" DESCRIPTION="QUESTION12" OBJECTIVE="OBJECTIVE12" CREATED_BY="1" CREATED_DATE="[SYSDATE]" LAST_UPDATED_BY="1" LAST_UPDATED_DATE="[SYSDATE]"/>
    <QUESTION QUESTION_ID="13" QUIZ_ID="1" DESCRIPTION="QUESTION13" OBJECTIVE="OBJECTIVE13" CREATED_BY="1" CREATED_DATE="[SYSDATE]" LAST_UPDATED_BY="1" LAST_UPDATED_DATE="[SYSDATE]"/>
    <QUESTION QUESTION_ID="14" QUIZ_ID="1" DESCRIPTION="QUESTION14" OBJECTIVE="OBJECTIVE14" CREATED_BY="1" CREATED_DATE="[SYSDATE]" LAST_UPDATED_BY="1" LAST_UPDATED_DATE="[SYSDATE]"/>
    <QUESTION QUESTION_ID="15" QUIZ_ID="1" DESCRIPTION="QUESTION15" OBJECTIVE="OBJECTIVE15" CREATED_BY="1" CREATED_DATE="[SYSDATE]" LAST_UPDATED_BY="1" LAST_UPDATED_DATE="[SYSDATE]"/>
    <QUESTION_CATEGORY QUESTION_ID="11" CATEGORY_ID="15"/>
    <QUESTION_CATEGORY QUESTION_ID="12" CATEGORY_ID="14"/>
    <QUESTION_CATEGORY QUESTION_ID="13" CATEGORY_ID="13"/>
    <QUESTION_CATEGORY QUESTION_ID="14" CATEGORY_ID="12"/>
    <QUESTION_CATEGORY QUESTION_ID="15" CATEGORY_ID="11"/>
    <QUESTION_SKILL_LEVEL QUESTION_ID="11" SKILL_LEVEL_ID="11"/>
    <QUESTION_SKILL_LEVEL QUESTION_ID="12" SKILL_LEVEL_ID="12"/>
    <QUESTION_SKILL_LEVEL QUESTION_ID="13" SKILL_LEVEL_ID="11"/>
    <QUESTION_SKILL_LEVEL QUESTION_ID="14" SKILL_LEVEL_ID="13"/>
    <QUESTION_SKILL_LEVEL QUESTION_ID="15" SKILL_LEVEL_ID="11"/>

    <OPTION QUIZ_ID="1" QUESTION_ID="11" OPTION_ID="111" OPTION_DESCRIPTION="OPTION111" OPTION_JUSTIFICATION="JUSTIFICATION111" IS_ANSWER="1" CREATED_BY="1" CREATED_DATE="[SYSDATE]" LAST_UPDATED_BY="1" LAST_UPDATED_DATE="[SYSDATE]"/>
    <OPTION QUIZ_ID="1" QUESTION_ID="11" OPTION_ID="112" OPTION_DESCRIPTION="OPTION112" OPTION_JUSTIFICATION="JUSTIFICATION112" IS_ANSWER="1" CREATED_BY="1" CREATED_DATE="[SYSDATE]" LAST_UPDATED_BY="1" LAST_UPDATED_DATE="[SYSDATE]"/>
    <OPTION QUIZ_ID="1" QUESTION_ID="11" OPTION_ID="113" OPTION_DESCRIPTION="OPTION113" OPTION_JUSTIFICATION="JUSTIFICATION113" IS_ANSWER="1" CREATED_BY="1" CREATED_DATE="[SYSDATE]" LAST_UPDATED_BY="1" LAST_UPDATED_DATE="[SYSDATE]"/>
    <OPTION QUIZ_ID="1" QUESTION_ID="11" OPTION_ID="114" OPTION_DESCRIPTION="OPTION114" OPTION_JUSTIFICATION="JUSTIFICATION114" IS_ANSWER="0" CREATED_BY="1" CREATED_DATE="[SYSDATE]" LAST_UPDATED_BY="1" LAST_UPDATED_DATE="[SYSDATE]"/>
    <OPTION QUIZ_ID="1" QUESTION_ID="11" OPTION_ID="115" OPTION_DESCRIPTION="OPTION115" OPTION_JUSTIFICATION="JUSTIFICATION115" IS_ANSWER="0" CREATED_BY="1" CREATED_DATE="[SYSDATE]" LAST_UPDATED_BY="1" LAST_UPDATED_DATE="[SYSDATE]"/>
    <OPTION QUIZ_ID="1" QUESTION_ID="11" OPTION_ID="116" OPTION_DESCRIPTION="OPTION116" OPTION_JUSTIFICATION="JUSTIFICATION116" IS_ANSWER="0" CREATED_BY="1" CREATED_DATE="[SYSDATE]" LAST_UPDATED_BY="1" LAST_UPDATED_DATE="[SYSDATE]"/>
    
    <OPTION QUIZ_ID="1" QUESTION_ID="12" OPTION_ID="121" OPTION_DESCRIPTION="OPTION121" OPTION_JUSTIFICATION="JUSTIFICATION121" IS_ANSWER="0" CREATED_BY="1" CREATED_DATE="[SYSDATE]" LAST_UPDATED_BY="1" LAST_UPDATED_DATE="[SYSDATE]"/>
    <OPTION QUIZ_ID="1" QUESTION_ID="12" OPTION_ID="122" OPTION_DESCRIPTION="OPTION122" OPTION_JUSTIFICATION="JUSTIFICATION122" IS_ANSWER="0" CREATED_BY="1" CREATED_DATE="[SYSDATE]" LAST_UPDATED_BY="1" LAST_UPDATED_DATE="[SYSDATE]"/>
    <OPTION QUIZ_ID="1" QUESTION_ID="12" OPTION_ID="123" OPTION_DESCRIPTION="OPTION123" OPTION_JUSTIFICATION="JUSTIFICATION123" IS_ANSWER="1" CREATED_BY="1" CREATED_DATE="[SYSDATE]" LAST_UPDATED_BY="1" LAST_UPDATED_DATE="[SYSDATE]"/>
    <OPTION QUIZ_ID="1" QUESTION_ID="12" OPTION_ID="124" OPTION_DESCRIPTION="OPTION124" OPTION_JUSTIFICATION="JUSTIFICATION124" IS_ANSWER="0" CREATED_BY="1" CREATED_DATE="[SYSDATE]" LAST_UPDATED_BY="1" LAST_UPDATED_DATE="[SYSDATE]"/>
    
    <OPTION QUIZ_ID="1" QUESTION_ID="13" OPTION_ID="131" OPTION_DESCRIPTION="OPTION131" OPTION_JUSTIFICATION="JUSTIFICATION131" IS_ANSWER="1" CREATED_BY="1" CREATED_DATE="[SYSDATE]" LAST_UPDATED_BY="1" LAST_UPDATED_DATE="[SYSDATE]"/>
    <OPTION QUIZ_ID="1" QUESTION_ID="13" OPTION_ID="132" OPTION_DESCRIPTION="OPTION132" OPTION_JUSTIFICATION="JUSTIFICATION132" IS_ANSWER="0" CREATED_BY="1" CREATED_DATE="[SYSDATE]" LAST_UPDATED_BY="1" LAST_UPDATED_DATE="[SYSDATE]"/>
    <OPTION QUIZ_ID="1" QUESTION_ID="13" OPTION_ID="133" OPTION_DESCRIPTION="OPTION133" OPTION_JUSTIFICATION="JUSTIFICATION133" IS_ANSWER="1" CREATED_BY="1" CREATED_DATE="[SYSDATE]" LAST_UPDATED_BY="1" LAST_UPDATED_DATE="[SYSDATE]"/>
    <OPTION QUIZ_ID="1" QUESTION_ID="13" OPTION_ID="134" OPTION_DESCRIPTION="OPTION134" OPTION_JUSTIFICATION="JUSTIFICATION134" IS_ANSWER="0" CREATED_BY="1" CREATED_DATE="[SYSDATE]" LAST_UPDATED_BY="1" LAST_UPDATED_DATE="[SYSDATE]"/>
    
    <OPTION QUIZ_ID="1" QUESTION_ID="14" OPTION_ID="141" OPTION_DESCRIPTION="OPTION141" OPTION_JUSTIFICATION="JUSTIFICATION141" IS_ANSWER="1" CREATED_BY="1" CREATED_DATE="[SYSDATE]" LAST_UPDATED_BY="1" LAST_UPDATED_DATE="[SYSDATE]"/>    
    <OPTION QUIZ_ID="1" QUESTION_ID="14" OPTION_ID="142" OPTION_DESCRIPTION="OPTION141" OPTION_JUSTIFICATION="JUSTIFICATION141" IS_ANSWER="0" CREATED_BY="1" CREATED_DATE="[SYSDATE]" LAST_UPDATED_BY="1" LAST_UPDATED_DATE="[SYSDATE]"/>    
    
    <OPTION QUIZ_ID="1" QUESTION_ID="15" OPTION_ID="151" OPTION_DESCRIPTION="OPTION151" OPTION_JUSTIFICATION="JUSTIFICATION151" IS_ANSWER="1" CREATED_BY="1" CREATED_DATE="[SYSDATE]" LAST_UPDATED_BY="1" LAST_UPDATED_DATE="[SYSDATE]"/>    
    <OPTION QUIZ_ID="1" QUESTION_ID="15" OPTION_ID="152" OPTION_DESCRIPTION="OPTION152" OPTION_JUSTIFICATION="JUSTIFICATION152" IS_ANSWER="0" CREATED_BY="1" CREATED_DATE="[SYSDATE]" LAST_UPDATED_BY="1" LAST_UPDATED_DATE="[SYSDATE]"/>    
    <OPTION QUIZ_ID="1" QUESTION_ID="15" OPTION_ID="153" OPTION_DESCRIPTION="OPTION153" OPTION_JUSTIFICATION="JUSTIFICATION153" IS_ANSWER="0" CREATED_BY="1" CREATED_DATE="[SYSDATE]" LAST_UPDATED_BY="1" LAST_UPDATED_DATE="[SYSDATE]"/>        
    -->
    <!-- ************************** QUIZ 2 ************************-->
    
    <QUIZ QUIZ_ID="2" QUIZ_NAME="TEST2" QUIZ_DESCRIPTION="TEST2DESC" STATUS="A" CREATED_BY="2" CREATED_DATE="[SYSDATE]" LAST_UPDATED_BY="2" LAST_UPDATED_DATE="[SYSDATE]"/>
    <!--
    <CATEGORY CATEGORY_ID="21" QUIZ_ID="2" CATEGORY="Log4JCategory" CREATED_BY="2" CREATED_DATE="[SYSDATE]" LAST_UPDATED_BY="2" LAST_UPDATED_DATE="[SYSDATE]"/>
    <CATEGORY CATEGORY_ID="22" QUIZ_ID="2" CATEGORY="Log4JAppender" CREATED_BY="2" CREATED_DATE="[SYSDATE]" LAST_UPDATED_BY="2" LAST_UPDATED_DATE="[SYSDATE]"/>
    <CATEGORY CATEGORY_ID="23" QUIZ_ID="2" CATEGORY="Log4JPatternLayout" CREATED_BY="2" CREATED_DATE="[SYSDATE]" LAST_UPDATED_BY="2" LAST_UPDATED_DATE="[SYSDATE]"/>
    <CATEGORY CATEGORY_ID="24" QUIZ_ID="2" CATEGORY="Log4JConfiguration" CREATED_BY="2" CREATED_DATE="[SYSDATE]" LAST_UPDATED_BY="2" LAST_UPDATED_DATE="[SYSDATE]"/>
    <SKILL_LEVEL SKILL_LEVEL_ID="21" QUIZ_ID="2" SKILL_LEVEL="Beginner" CREATED_BY="2" CREATED_DATE="[SYSDATE]" LAST_UPDATED_BY="2" LAST_UPDATED_DATE="[SYSDATE]"/>
    <SKILL_LEVEL SKILL_LEVEL_ID="22" QUIZ_ID="2" SKILL_LEVEL="Intermediate" CREATED_BY="2" CREATED_DATE="[SYSDATE]" LAST_UPDATED_BY="2" LAST_UPDATED_DATE="[SYSDATE]"/>

    <QUESTION QUESTION_ID="21" QUIZ_ID="2" DESCRIPTION="QUESTION21" OBJECTIVE="OBJECTIVE21" CREATED_BY="2" CREATED_DATE="[SYSDATE]" LAST_UPDATED_BY="2" LAST_UPDATED_DATE="[SYSDATE]"/>
    <QUESTION QUESTION_ID="22" QUIZ_ID="2" DESCRIPTION="QUESTION22" OBJECTIVE="OBJECTIVE22" CREATED_BY="2" CREATED_DATE="[SYSDATE]" LAST_UPDATED_BY="2" LAST_UPDATED_DATE="[SYSDATE]"/>
    <QUESTION QUESTION_ID="23" QUIZ_ID="2" DESCRIPTION="QUESTION23" OBJECTIVE="OBJECTIVE23" CREATED_BY="2" CREATED_DATE="[SYSDATE]" LAST_UPDATED_BY="2" LAST_UPDATED_DATE="[SYSDATE]"/>   
    <QUESTION_CATEGORY QUESTION_ID="21" CATEGORY_ID="21"/>
    <QUESTION_CATEGORY QUESTION_ID="22" CATEGORY_ID="22"/>
    <QUESTION_CATEGORY QUESTION_ID="23" CATEGORY_ID="23"/>
    <QUESTION_SKILL_LEVEL QUESTION_ID="21" SKILL_LEVEL_ID="21"/>
    <QUESTION_SKILL_LEVEL QUESTION_ID="22" SKILL_LEVEL_ID="22"/>
    <QUESTION_SKILL_LEVEL QUESTION_ID="23" SKILL_LEVEL_ID="21"/>

    <OPTION QUIZ_ID="2" QUESTION_ID="21" OPTION_ID="211" OPTION_DESCRIPTION="OPTION211" OPTION_JUSTIFICATION="JUSTIFICATION211" IS_ANSWER="1" CREATED_BY="2" CREATED_DATE="[SYSDATE]" LAST_UPDATED_BY="2" LAST_UPDATED_DATE="[SYSDATE]"/>
    <OPTION QUIZ_ID="2" QUESTION_ID="21" OPTION_ID="212" OPTION_DESCRIPTION="OPTION212" OPTION_JUSTIFICATION="JUSTIFICATION212" IS_ANSWER="1" CREATED_BY="2" CREATED_DATE="[SYSDATE]" LAST_UPDATED_BY="2" LAST_UPDATED_DATE="[SYSDATE]"/>
    <OPTION QUIZ_ID="2" QUESTION_ID="21" OPTION_ID="213" OPTION_DESCRIPTION="OPTION213" OPTION_JUSTIFICATION="JUSTIFICATION213" IS_ANSWER="1" CREATED_BY="2" CREATED_DATE="[SYSDATE]" LAST_UPDATED_BY="2" LAST_UPDATED_DATE="[SYSDATE]"/>
    <OPTION QUIZ_ID="2" QUESTION_ID="21" OPTION_ID="214" OPTION_DESCRIPTION="OPTION214" OPTION_JUSTIFICATION="JUSTIFICATION214" IS_ANSWER="0" CREATED_BY="2" CREATED_DATE="[SYSDATE]" LAST_UPDATED_BY="2" LAST_UPDATED_DATE="[SYSDATE]"/>
    <OPTION QUIZ_ID="2" QUESTION_ID="21" OPTION_ID="215" OPTION_DESCRIPTION="OPTION215" OPTION_JUSTIFICATION="JUSTIFICATION215" IS_ANSWER="0" CREATED_BY="2" CREATED_DATE="[SYSDATE]" LAST_UPDATED_BY="2" LAST_UPDATED_DATE="[SYSDATE]"/>
    <OPTION QUIZ_ID="2" QUESTION_ID="21" OPTION_ID="216" OPTION_DESCRIPTION="OPTION216" OPTION_JUSTIFICATION="JUSTIFICATION216" IS_ANSWER="0" CREATED_BY="2" CREATED_DATE="[SYSDATE]" LAST_UPDATED_BY="2" LAST_UPDATED_DATE="[SYSDATE]"/>
    
    <OPTION QUIZ_ID="2" QUESTION_ID="22" OPTION_ID="221" OPTION_DESCRIPTION="OPTION221" OPTION_JUSTIFICATION="JUSTIFICATION221" IS_ANSWER="0" CREATED_BY="2" CREATED_DATE="[SYSDATE]" LAST_UPDATED_BY="2" LAST_UPDATED_DATE="[SYSDATE]"/>
    <OPTION QUIZ_ID="2" QUESTION_ID="22" OPTION_ID="222" OPTION_DESCRIPTION="OPTION222" OPTION_JUSTIFICATION="JUSTIFICATION222" IS_ANSWER="0" CREATED_BY="2" CREATED_DATE="[SYSDATE]" LAST_UPDATED_BY="2" LAST_UPDATED_DATE="[SYSDATE]"/>
    <OPTION QUIZ_ID="2" QUESTION_ID="22" OPTION_ID="223" OPTION_DESCRIPTION="OPTION223" OPTION_JUSTIFICATION="JUSTIFICATION223" IS_ANSWER="1" CREATED_BY="2" CREATED_DATE="[SYSDATE]" LAST_UPDATED_BY="2" LAST_UPDATED_DATE="[SYSDATE]"/>
    <OPTION QUIZ_ID="2" QUESTION_ID="22" OPTION_ID="224" OPTION_DESCRIPTION="OPTION224" OPTION_JUSTIFICATION="JUSTIFICATION224" IS_ANSWER="0" CREATED_BY="2" CREATED_DATE="[SYSDATE]" LAST_UPDATED_BY="2" LAST_UPDATED_DATE="[SYSDATE]"/>
    
    <OPTION QUIZ_ID="2" QUESTION_ID="23" OPTION_ID="231" OPTION_DESCRIPTION="OPTION231" OPTION_JUSTIFICATION="JUSTIFICATION231" IS_ANSWER="1" CREATED_BY="2" CREATED_DATE="[SYSDATE]" LAST_UPDATED_BY="2" LAST_UPDATED_DATE="[SYSDATE]"/>
    <OPTION QUIZ_ID="2" QUESTION_ID="23" OPTION_ID="232" OPTION_DESCRIPTION="OPTION232" OPTION_JUSTIFICATION="JUSTIFICATION232" IS_ANSWER="0" CREATED_BY="2" CREATED_DATE="[SYSDATE]" LAST_UPDATED_BY="2" LAST_UPDATED_DATE="[SYSDATE]"/>
    <OPTION QUIZ_ID="2" QUESTION_ID="23" OPTION_ID="233" OPTION_DESCRIPTION="OPTION233" OPTION_JUSTIFICATION="JUSTIFICATION233" IS_ANSWER="1" CREATED_BY="2" CREATED_DATE="[SYSDATE]" LAST_UPDATED_BY="2" LAST_UPDATED_DATE="[SYSDATE]"/>
    <OPTION QUIZ_ID="2" QUESTION_ID="23" OPTION_ID="234" OPTION_DESCRIPTION="OPTION234" OPTION_JUSTIFICATION="JUSTIFICATION234" IS_ANSWER="0" CREATED_BY="2" CREATED_DATE="[SYSDATE]" LAST_UPDATED_BY="2" LAST_UPDATED_DATE="[SYSDATE]"/>
    -->
    <!-- ************************** QUIZ 3 ************************-->
    
    <QUIZ QUIZ_ID="3" QUIZ_NAME="TEST3" QUIZ_DESCRIPTION="TEST3DESC" STATUS="A" CREATED_BY="3" CREATED_DATE="[SYSDATE]" LAST_UPDATED_BY="3" LAST_UPDATED_DATE="[SYSDATE]"/>
    <!--
    <CATEGORY CATEGORY_ID="31" QUIZ_ID="3" CATEGORY="AntTasks" CREATED_BY="3" CREATED_DATE="[SYSDATE]" LAST_UPDATED_BY="3" LAST_UPDATED_DATE="[SYSDATE]"/>
    <CATEGORY CATEGORY_ID="32" QUIZ_ID="3" CATEGORY="AntCommands" CREATED_BY="3" CREATED_DATE="[SYSDATE]" LAST_UPDATED_BY="3" LAST_UPDATED_DATE="[SYSDATE]"/>
    <CATEGORY CATEGORY_ID="33" QUIZ_ID="3" CATEGORY="AntConfiguration" CREATED_BY="3" CREATED_DATE="[SYSDATE]" LAST_UPDATED_BY="3" LAST_UPDATED_DATE="[SYSDATE]"/>
    <SKILL_LEVEL SKILL_LEVEL_ID="31" QUIZ_ID="3" SKILL_LEVEL="Beginner" CREATED_BY="3" CREATED_DATE="[SYSDATE]" LAST_UPDATED_BY="3" LAST_UPDATED_DATE="[SYSDATE]"/>

    <QUESTION QUESTION_ID="31" QUIZ_ID="3" DESCRIPTION="QUESTION31" OBJECTIVE="OBJECTIVE31" CREATED_BY="3" CREATED_DATE="[SYSDATE]" LAST_UPDATED_BY="3" LAST_UPDATED_DATE="[SYSDATE]"/>
    <QUESTION QUESTION_ID="32" QUIZ_ID="3" DESCRIPTION="QUESTION32" OBJECTIVE="OBJECTIVE32" CREATED_BY="3" CREATED_DATE="[SYSDATE]" LAST_UPDATED_BY="3" LAST_UPDATED_DATE="[SYSDATE]"/>
    <QUESTION QUESTION_ID="33" QUIZ_ID="3" DESCRIPTION="QUESTION33" OBJECTIVE="OBJECTIVE33" CREATED_BY="3" CREATED_DATE="[SYSDATE]" LAST_UPDATED_BY="3" LAST_UPDATED_DATE="[SYSDATE]"/>   
    <QUESTION_CATEGORY QUESTION_ID="31" CATEGORY_ID="31"/>
    <QUESTION_CATEGORY QUESTION_ID="32" CATEGORY_ID="32"/>
    <QUESTION_CATEGORY QUESTION_ID="33" CATEGORY_ID="33"/>
    <QUESTION_SKILL_LEVEL QUESTION_ID="21" SKILL_LEVEL_ID="31"/>
    <QUESTION_SKILL_LEVEL QUESTION_ID="22" SKILL_LEVEL_ID="31"/>
    <QUESTION_SKILL_LEVEL QUESTION_ID="23" SKILL_LEVEL_ID="31"/>

    <OPTION QUIZ_ID="3" QUESTION_ID="31" OPTION_ID="311" OPTION_DESCRIPTION="OPTION311" OPTION_JUSTIFICATION="JUSTIFICATION311" IS_ANSWER="1" CREATED_BY="3" CREATED_DATE="[SYSDATE]" LAST_UPDATED_BY="3" LAST_UPDATED_DATE="[SYSDATE]"/>
    <OPTION QUIZ_ID="3" QUESTION_ID="31" OPTION_ID="312" OPTION_DESCRIPTION="OPTION312" OPTION_JUSTIFICATION="JUSTIFICATION312" IS_ANSWER="1" CREATED_BY="3" CREATED_DATE="[SYSDATE]" LAST_UPDATED_BY="3" LAST_UPDATED_DATE="[SYSDATE]"/>
    <OPTION QUIZ_ID="3" QUESTION_ID="31" OPTION_ID="313" OPTION_DESCRIPTION="OPTION313" OPTION_JUSTIFICATION="JUSTIFICATION313" IS_ANSWER="1" CREATED_BY="3" CREATED_DATE="[SYSDATE]" LAST_UPDATED_BY="3" LAST_UPDATED_DATE="[SYSDATE]"/>
    <OPTION QUIZ_ID="3" QUESTION_ID="31" OPTION_ID="314" OPTION_DESCRIPTION="OPTION314" OPTION_JUSTIFICATION="JUSTIFICATION314" IS_ANSWER="0" CREATED_BY="3" CREATED_DATE="[SYSDATE]" LAST_UPDATED_BY="3" LAST_UPDATED_DATE="[SYSDATE]"/>
    <OPTION QUIZ_ID="3" QUESTION_ID="31" OPTION_ID="315" OPTION_DESCRIPTION="OPTION315" OPTION_JUSTIFICATION="JUSTIFICATION315" IS_ANSWER="0" CREATED_BY="3" CREATED_DATE="[SYSDATE]" LAST_UPDATED_BY="3" LAST_UPDATED_DATE="[SYSDATE]"/>
    <OPTION QUIZ_ID="3" QUESTION_ID="31" OPTION_ID="316" OPTION_DESCRIPTION="OPTION316" OPTION_JUSTIFICATION="JUSTIFICATION316" IS_ANSWER="0" CREATED_BY="3" CREATED_DATE="[SYSDATE]" LAST_UPDATED_BY="3" LAST_UPDATED_DATE="[SYSDATE]"/>
    
    <OPTION QUIZ_ID="3" QUESTION_ID="32" OPTION_ID="321" OPTION_DESCRIPTION="OPTION321" OPTION_JUSTIFICATION="JUSTIFICATION321" IS_ANSWER="0" CREATED_BY="3" CREATED_DATE="[SYSDATE]" LAST_UPDATED_BY="3" LAST_UPDATED_DATE="[SYSDATE]"/>
    <OPTION QUIZ_ID="3" QUESTION_ID="32" OPTION_ID="322" OPTION_DESCRIPTION="OPTION322" OPTION_JUSTIFICATION="JUSTIFICATION322" IS_ANSWER="0" CREATED_BY="3" CREATED_DATE="[SYSDATE]" LAST_UPDATED_BY="3" LAST_UPDATED_DATE="[SYSDATE]"/>
    <OPTION QUIZ_ID="3" QUESTION_ID="32" OPTION_ID="323" OPTION_DESCRIPTION="OPTION323" OPTION_JUSTIFICATION="JUSTIFICATION323" IS_ANSWER="1" CREATED_BY="3" CREATED_DATE="[SYSDATE]" LAST_UPDATED_BY="3" LAST_UPDATED_DATE="[SYSDATE]"/>
    <OPTION QUIZ_ID="3" QUESTION_ID="32" OPTION_ID="324" OPTION_DESCRIPTION="OPTION324" OPTION_JUSTIFICATION="JUSTIFICATION324" IS_ANSWER="0" CREATED_BY="3" CREATED_DATE="[SYSDATE]" LAST_UPDATED_BY="3" LAST_UPDATED_DATE="[SYSDATE]"/>
    
    <OPTION QUIZ_ID="3" QUESTION_ID="33" OPTION_ID="331" OPTION_DESCRIPTION="OPTION331" OPTION_JUSTIFICATION="JUSTIFICATION331" IS_ANSWER="1" CREATED_BY="3" CREATED_DATE="[SYSDATE]" LAST_UPDATED_BY="3" LAST_UPDATED_DATE="[SYSDATE]"/>
    <OPTION QUIZ_ID="3" QUESTION_ID="33" OPTION_ID="332" OPTION_DESCRIPTION="OPTION332" OPTION_JUSTIFICATION="JUSTIFICATION332" IS_ANSWER="0" CREATED_BY="3" CREATED_DATE="[SYSDATE]" LAST_UPDATED_BY="3" LAST_UPDATED_DATE="[SYSDATE]"/>
    <OPTION QUIZ_ID="3" QUESTION_ID="33" OPTION_ID="333" OPTION_DESCRIPTION="OPTION333" OPTION_JUSTIFICATION="JUSTIFICATION333" IS_ANSWER="1" CREATED_BY="3" CREATED_DATE="[SYSDATE]" LAST_UPDATED_BY="3" LAST_UPDATED_DATE="[SYSDATE]"/>
    <OPTION QUIZ_ID="3" QUESTION_ID="33" OPTION_ID="334" OPTION_DESCRIPTION="OPTION334" OPTION_JUSTIFICATION="JUSTIFICATION334" IS_ANSWER="0" CREATED_BY="3" CREATED_DATE="[SYSDATE]" LAST_UPDATED_BY="3" LAST_UPDATED_DATE="[SYSDATE]"/>
    -->
    <!-- ************************** USER QUIZ ************************-->

    <!--
    <USER_QUIZ USER_ID="1" QUIZ_ID="1"/>
    <USER_QUIZ USER_ID="1" QUIZ_ID="2"/>
    <USER_QUIZ USER_ID="1" QUIZ_ID="3"/>
    <USER_QUIZ USER_ID="2" QUIZ_ID="2"/>
    <USER_QUIZ USER_ID="3" QUIZ_ID="3"/>
    -->
</dataset>